Determining if the pthread_create exist failed with the following output:
Change Dir: /home/caseyb/Dropbox/education/projects/COW_U/bin/CMakeFiles/CMakeTmp

Run Build Command:/usr/bin/make "cmTryCompileExec3016503820/fast"
/usr/bin/make -f CMakeFiles/cmTryCompileExec3016503820.dir/build.make CMakeFiles/cmTryCompileExec3016503820.dir/build
make[1]: Entering directory `/home/caseyb/Dropbox/education/projects/COW_U/bin/CMakeFiles/CMakeTmp'
/usr/bin/cmake -E cmake_progress_report /home/caseyb/Dropbox/education/projects/COW_U/bin/CMakeFiles/CMakeTmp/CMakeFiles 1
Building C object CMakeFiles/cmTryCompileExec3016503820.dir/CheckSymbolExists.c.o
/usr/bin/cc    -o CMakeFiles/cmTryCompileExec3016503820.dir/CheckSymbolExists.c.o   -c /home/caseyb/Dropbox/education/projects/COW_U/bin/CMakeFiles/CMakeTmp/CheckSymbolExists.c
Linking C executable cmTryCompileExec3016503820
/usr/bin/cmake -E cmake_link_script CMakeFiles/cmTryCompileExec3016503820.dir/link.txt --verbose=1
/usr/bin/cc       CMakeFiles/cmTryCompileExec3016503820.dir/CheckSymbolExists.c.o  -o cmTryCompileExec3016503820 -rdynamic 
CMakeFiles/cmTryCompileExec3016503820.dir/CheckSymbolExists.c.o: In function `main':
CheckSymbolExists.c:(.text+0x16): undefined reference to `pthread_create'
collect2: error: ld returned 1 exit status
make[1]: Leaving directory `/home/caseyb/Dropbox/education/projects/COW_U/bin/CMakeFiles/CMakeTmp'
make[1]: *** [cmTryCompileExec3016503820] Error 1
make: *** [cmTryCompileExec3016503820/fast] Error 2

File /home/caseyb/Dropbox/education/projects/COW_U/bin/CMakeFiles/CMakeTmp/CheckSymbolExists.c:
/* */
#include <pthread.h>

int main(int argc, char** argv)
{
  (void)argv;
#ifndef pthread_create
  return ((int*)(&pthread_create))[argc];
#else
  (void)argc;
  return 0;
#endif
}

Determining if the function pthread_create exists in the pthreads failed with the following output:
Change Dir: /home/caseyb/Dropbox/education/projects/COW_U/bin/CMakeFiles/CMakeTmp

Run Build Command:/usr/bin/make "cmTryCompileExec3317071686/fast"
/usr/bin/make -f CMakeFiles/cmTryCompileExec3317071686.dir/build.make CMakeFiles/cmTryCompileExec3317071686.dir/build
make[1]: Entering directory `/home/caseyb/Dropbox/education/projects/COW_U/bin/CMakeFiles/CMakeTmp'
/usr/bin/cmake -E cmake_progress_report /home/caseyb/Dropbox/education/projects/COW_U/bin/CMakeFiles/CMakeTmp/CMakeFiles 1
Building C object CMakeFiles/cmTryCompileExec3317071686.dir/CheckFunctionExists.c.o
/usr/bin/cc   -DCHECK_FUNCTION_EXISTS=pthread_create   -o CMakeFiles/cmTryCompileExec3317071686.dir/CheckFunctionExists.c.o   -c /usr/share/cmake-2.8/Modules/CheckFunctionExists.c
Linking C executable cmTryCompileExec3317071686
/usr/bin/cmake -E cmake_link_script CMakeFiles/cmTryCompileExec3317071686.dir/link.txt --verbose=1
/usr/bin/cc   -DCHECK_FUNCTION_EXISTS=pthread_create    CMakeFiles/cmTryCompileExec3317071686.dir/CheckFunctionExists.c.o  -o cmTryCompileExec3317071686 -rdynamic -lpthreads 
/usr/bin/ld.bfd.real: cannot find -lpthreads
collect2: error: ld returned 1 exit status
make[1]: *** [cmTryCompileExec3317071686] Error 1
make[1]: Leaving directory `/home/caseyb/Dropbox/education/projects/COW_U/bin/CMakeFiles/CMakeTmp'
make: *** [cmTryCompileExec3317071686/fast] Error 2


